<?xml version="1.0" encoding="UTF-8"?>
<testng-results skipped="0" failed="0" ignored="0" total="0" passed="0">
  <reporter-output>
  </reporter-output>
  <suite name="com.atmecs.falcon.AppTest" duration-ms="5" started-at="2020-12-03T12:16:51Z" finished-at="2020-12-03T12:16:51Z">
    <groups>
    </groups>
    <test name="Command line test" duration-ms="5" started-at="2020-12-03T12:16:51Z" finished-at="2020-12-03T12:16:51Z">
    </test> <!-- Command line test -->
  </suite> <!-- com.atmecs.falcon.AppTest -->
</testng-results>
