<?xml version="1.0" encoding="UTF-8"?>
<testng-results skipped="0" failed="0" ignored="0" total="0" passed="0">
  <reporter-output>
  </reporter-output>
  <suite name="com.atmecs.falcon.AppTest" duration-ms="14" started-at="2020-12-02T07:15:18Z" finished-at="2020-12-02T07:15:18Z">
    <groups>
    </groups>
    <test name="Command line test" duration-ms="14" started-at="2020-12-02T07:15:18Z" finished-at="2020-12-02T07:15:18Z">
    </test> <!-- Command line test -->
  </suite> <!-- com.atmecs.falcon.AppTest -->
</testng-results>
